2016-04-25 16:21:48 INFO [org.springframework.boot.context.embedded.AnnotationConfigEmbeddedWebApplicationContext]: Closing org.springframework.boot.context.embedded.AnnotationConfigEmbeddedWebApplicationContext@581359ad: startup date [Mon Apr 25 16:21:00 CST 2016]; root of context hierarchy
2016-04-25 16:21:48 INFO [org.springframework.jmx.export.annotation.AnnotationMBeanExporter]: Unregistering JMX-exposed beans on shutdown
2016-04-25 16:21:52 INFO [example.spring.boot.log.sample.Log4JSampleApplication]: Starting Log4JSampleApplication on CoatesSteavendeMacBook-Pro.local with PID 1903 (/Users/weixin/git/ODS/develop/src/server/example.spring.boot/target/classes started by weixin in /Users/weixin/git/ODS/develop/src/server/example.spring.boot)
2016-04-25 16:21:52 INFO [example.spring.boot.log.sample.Log4JSampleApplication]: No active profile set, falling back to default profiles: default
2016-04-25 16:21:52 INFO [org.springframework.boot.context.embedded.AnnotationConfigEmbeddedWebApplicationContext]: Refreshing org.springframework.boot.context.embedded.AnnotationConfigEmbeddedWebApplicationContext@1684686f: startup date [Mon Apr 25 16:21:52 CST 2016]; root of context hierarchy
2016-04-25 16:21:52 INFO [org.springframework.beans.factory.support.DefaultListableBeanFactory]: Overriding bean definition for bean 'beanNameViewResolver' with a different definition: replacing [Root bean: class [null]; scope=; abstract=false; lazyInit=false; autowireMode=3; dependencyCheck=0; autowireCandidate=true; primary=false; factoryBeanName=org.springframework.boot.autoconfigure.web.ErrorMvcAutoConfiguration$WhitelabelErrorViewConfiguration; factoryMethodName=beanNameViewResolver; initMethodName=null; destroyMethodName=(inferred); defined in class path resource [org/springframework/boot/autoconfigure/web/ErrorMvcAutoConfiguration$WhitelabelErrorViewConfiguration.class]] with [Root bean: class [null]; scope=; abstract=false; lazyInit=false; autowireMode=3; dependencyCheck=0; autowireCandidate=true; primary=false; factoryBeanName=org.springframework.boot.autoconfigure.web.WebMvcAutoConfiguration$WebMvcAutoConfigurationAdapter; factoryMethodName=beanNameViewResolver; initMethodName=null; destroyMethodName=(inferred); defined in class path resource [org/springframework/boot/autoconfigure/web/WebMvcAutoConfiguration$WebMvcAutoConfigurationAdapter.class]]
2016-04-25 16:21:52 WARN [org.springframework.context.annotation.ConfigurationClassEnhancer]: @Bean method ResteasyAutoConfiguration.springBeanProcessor is non-static and returns an object assignable to Spring's BeanFactoryPostProcessor interface. This will result in a failure to process annotations such as @Autowired, @Resource and @PostConstruct within the method's declaring @Configuration class. Add the 'static' modifier to this method to avoid these container lifecycle issues; see @Bean javadoc for complete details.
2016-04-25 16:21:52 INFO [org.springframework.beans.factory.annotation.AutowiredAnnotationBeanPostProcessor]: JSR-330 'javax.inject.Inject' annotation found and supported for autowiring
2016-04-25 16:21:52 INFO [org.springframework.boot.context.embedded.tomcat.TomcatEmbeddedServletContainer]: Tomcat initialized with port(s): 8080 (http)
2016-04-25 16:21:52 INFO [org.apache.catalina.core.StandardService]: Starting service Tomcat
2016-04-25 16:21:52 INFO [org.apache.catalina.core.StandardEngine]: Starting Servlet Engine: Apache Tomcat/8.0.32
2016-04-25 16:21:52 INFO [org.apache.catalina.core.ContainerBase.[Tomcat].[localhost].[/]]: Initializing Spring embedded WebApplicationContext
2016-04-25 16:21:52 INFO [org.springframework.web.context.ContextLoader]: Root WebApplicationContext: initialization completed in 450 ms
2016-04-25 16:21:52 INFO [org.springframework.boot.context.embedded.ServletRegistrationBean]: Mapping servlet: 'dispatcherServlet' to [/]
2016-04-25 16:21:52 INFO [org.springframework.boot.context.embedded.FilterRegistrationBean]: Mapping filter: 'characterEncodingFilter' to: [/*]
2016-04-25 16:21:52 INFO [org.springframework.boot.context.embedded.FilterRegistrationBean]: Mapping filter: 'hiddenHttpMethodFilter' to: [/*]
2016-04-25 16:21:52 INFO [org.springframework.boot.context.embedded.FilterRegistrationBean]: Mapping filter: 'httpPutFormContentFilter' to: [/*]
2016-04-25 16:21:52 INFO [org.springframework.boot.context.embedded.FilterRegistrationBean]: Mapping filter: 'requestContextFilter' to: [/*]
2016-04-25 16:21:52 INFO [org.springframework.web.servlet.mvc.method.annotation.RequestMappingHandlerAdapter]: Looking for @ControllerAdvice: org.springframework.boot.context.embedded.AnnotationConfigEmbeddedWebApplicationContext@1684686f: startup date [Mon Apr 25 16:21:52 CST 2016]; root of context hierarchy
2016-04-25 16:21:52 INFO [org.springframework.web.servlet.mvc.method.annotation.RequestMappingHandlerMapping]: Mapped "{[/error]}" onto public org.springframework.http.ResponseEntity<java.util.Map<java.lang.String, java.lang.Object>> org.springframework.boot.autoconfigure.web.BasicErrorController.error(javax.servlet.http.HttpServletRequest)
2016-04-25 16:21:52 INFO [org.springframework.web.servlet.mvc.method.annotation.RequestMappingHandlerMapping]: Mapped "{[/error],produces=[text/html]}" onto public org.springframework.web.servlet.ModelAndView org.springframework.boot.autoconfigure.web.BasicErrorController.errorHtml(javax.servlet.http.HttpServletRequest,javax.servlet.http.HttpServletResponse)
2016-04-25 16:21:52 INFO [org.springframework.web.servlet.handler.SimpleUrlHandlerMapping]: Mapped URL path [/webjars/**] onto handler of type [class org.springframework.web.servlet.resource.ResourceHttpRequestHandler]
2016-04-25 16:21:52 INFO [org.springframework.web.servlet.handler.SimpleUrlHandlerMapping]: Mapped URL path [/**] onto handler of type [class org.springframework.web.servlet.resource.ResourceHttpRequestHandler]
2016-04-25 16:21:52 INFO [org.springframework.web.servlet.handler.SimpleUrlHandlerMapping]: Mapped URL path [/**/favicon.ico] onto handler of type [class org.springframework.web.servlet.resource.ResourceHttpRequestHandler]
2016-04-25 16:21:52 INFO [org.springframework.boot.devtools.autoconfigure.OptionalLiveReloadServer]: LiveReload server is running on port 35729
2016-04-25 16:21:53 INFO [org.springframework.jmx.export.annotation.AnnotationMBeanExporter]: Registering beans for JMX exposure on startup
2016-04-25 16:21:53 INFO [org.apache.coyote.http11.Http11NioProtocol]: Initializing ProtocolHandler ["http-nio-8080"]
2016-04-25 16:21:53 INFO [org.apache.coyote.http11.Http11NioProtocol]: Starting ProtocolHandler ["http-nio-8080"]
2016-04-25 16:21:53 INFO [org.apache.tomcat.util.net.NioSelectorPool]: Using a shared selector for servlet write/read
2016-04-25 16:21:53 INFO [org.springframework.boot.context.embedded.tomcat.TomcatEmbeddedServletContainer]: Tomcat started on port(s): 8080 (http)
2016-04-25 16:21:53 INFO [example.spring.boot.log.sample.Log4JSampleApplication]: Started Log4JSampleApplication in 0.838 seconds (JVM running for 95.965)
2016-04-25 16:22:13 INFO [org.apache.catalina.core.ContainerBase.[Tomcat].[localhost].[/]]: Initializing Spring FrameworkServlet 'dispatcherServlet'
2016-04-25 16:22:13 INFO [org.springframework.web.servlet.DispatcherServlet]: FrameworkServlet 'dispatcherServlet': initialization started
2016-04-25 16:22:13 INFO [org.springframework.web.servlet.DispatcherServlet]: FrameworkServlet 'dispatcherServlet': initialization completed in 2 ms
2016-04-25 16:22:13 INFO [example.spring.boot.log.sample.Log4jSample]: this is log4jSample info..............
2016-04-25 16:22:13 ERROR [example.spring.boot.log.sample.Log4jSample]: this is log4jSample info..............
2016-04-25 16:22:35 INFO [org.springframework.boot.context.embedded.AnnotationConfigEmbeddedWebApplicationContext]: Closing org.springframework.boot.context.embedded.AnnotationConfigEmbeddedWebApplicationContext@1684686f: startup date [Mon Apr 25 16:21:52 CST 2016]; root of context hierarchy
2016-04-25 16:22:35 INFO [org.springframework.jmx.export.annotation.AnnotationMBeanExporter]: Unregistering JMX-exposed beans on shutdown
